<?xml version="1.0" encoding="UTF-8"?>
<testng-results ignored="0" total="1" passed="1" failed="0" skipped="0">
  <reporter-output>
  </reporter-output>
  <suite started-at="2025-01-22T16:53:18 IST" name="Default suite" finished-at="2025-01-22T16:53:39 IST" duration-ms="20865">
    <groups>
    </groups>
    <test started-at="2025-01-22T16:53:18 IST" name="Default test" finished-at="2025-01-22T16:53:39 IST" duration-ms="20865">
      <class name="niuHealth.UploadProfileImageTest">
        <test-method is-config="true" signature="configureReports()[pri:0, instance:niuHealth.UploadProfileImageTest@1b2abca6]" started-at="2025-01-22T16:53:18 IST" name="configureReports" finished-at="2025-01-22T16:53:18 IST" duration-ms="215" status="PASS">
          <reporter-output>
          </reporter-output>
        </test-method> <!-- configureReports -->
        <test-method is-config="true" signature="launchChrome()[pri:0, instance:niuHealth.UploadProfileImageTest@1b2abca6]" started-at="2025-01-22T16:53:18 IST" name="launchChrome" finished-at="2025-01-22T16:53:28 IST" duration-ms="9526" status="PASS">
          <reporter-output>
          </reporter-output>
        </test-method> <!-- launchChrome -->
        <test-method signature="testProfileImage()[pri:0, instance:niuHealth.UploadProfileImageTest@1b2abca6]" started-at="2025-01-22T16:53:28 IST" name="testProfileImage" finished-at="2025-01-22T16:53:39 IST" duration-ms="10552" status="PASS">
          <reporter-output>
          </reporter-output>
        </test-method> <!-- testProfileImage -->
        <test-method is-config="true" signature="publishReports(org.testng.ITestResult)[pri:0, instance:niuHealth.UploadProfileImageTest@1b2abca6]" started-at="2025-01-22T16:53:39 IST" name="publishReports" finished-at="2025-01-22T16:53:39 IST" duration-ms="226" status="PASS">
          <params>
            <param index="0">
              <value>
                <![CDATA[[TestResult name=testProfileImage status=SUCCESS method=UploadProfileImageTest.testProfileImage()[pri:0, instance:niuHealth.UploadProfileImageTest@1b2abca6] output={null}]]]>
              </value>
            </param>
          </params>
          <reporter-output>
          </reporter-output>
        </test-method> <!-- publishReports -->
        <test-method is-config="true" signature="createReportAfterTest()[pri:0, instance:niuHealth.UploadProfileImageTest@1b2abca6]" started-at="2025-01-22T16:53:39 IST" name="createReportAfterTest" finished-at="2025-01-22T16:53:39 IST" duration-ms="314" status="PASS">
          <reporter-output>
          </reporter-output>
        </test-method> <!-- createReportAfterTest -->
      </class> <!-- niuHealth.UploadProfileImageTest -->
    </test> <!-- Default test -->
  </suite> <!-- Default suite -->
</testng-results>
