<?xml version="1.0" encoding="UTF-8"?>
<testng-results ignored="0" total="1" passed="1" failed="0" skipped="0">
  <reporter-output>
  </reporter-output>
  <suite started-at="2025-01-15T21:56:48 IST" name="Default suite" finished-at="2025-01-15T21:57:34 IST" duration-ms="45587">
    <groups>
    </groups>
    <test started-at="2025-01-15T21:56:48 IST" name="Default test" finished-at="2025-01-15T21:57:34 IST" duration-ms="45587">
      <class name="niuHealth.UploadProfileImageTest">
        <test-method is-config="true" signature="configureReports()[pri:0, instance:niuHealth.UploadProfileImageTest@52af26ee]" started-at="2025-01-15T21:56:48 IST" name="configureReports" finished-at="2025-01-15T21:56:48 IST" duration-ms="276" status="PASS">
          <reporter-output>
          </reporter-output>
        </test-method> <!-- configureReports -->
        <test-method is-config="true" signature="launchChrome()[pri:0, instance:niuHealth.UploadProfileImageTest@52af26ee]" started-at="2025-01-15T21:56:48 IST" name="launchChrome" finished-at="2025-01-15T21:57:23 IST" duration-ms="34310" status="PASS">
          <reporter-output>
          </reporter-output>
        </test-method> <!-- launchChrome -->
        <test-method signature="testProfileImage()[pri:0, instance:niuHealth.UploadProfileImageTest@52af26ee]" started-at="2025-01-15T21:57:23 IST" name="testProfileImage" finished-at="2025-01-15T21:57:34 IST" duration-ms="10947" status="PASS">
          <reporter-output>
          </reporter-output>
        </test-method> <!-- testProfileImage -->
      </class> <!-- niuHealth.UploadProfileImageTest -->
    </test> <!-- Default test -->
  </suite> <!-- Default suite -->
</testng-results>
